Arguments: 
  /Users/thalesgelinger/.nvm/versions/node/v16.13.0/bin/node /Users/thalesgelinger/.nvm/versions/node/v16.13.0/bin/yarn init

PATH: 
  /Users/thalesgelinger/.bun/bin:/Users/thalesgelinger/.jenv/shims:/Users/thalesgelinger/.jenv/bin:/Users/thalesgelinger/.nvm/versions/node/v16.13.0/bin:/opt/homebrew/bin:/opt/homebrew/sbin:/usr/local/bin:/usr/bin:/bin:/usr/sbin:/sbin:/Library/Apple/usr/bin:/Users/thalesgelinger/.bun/bin:/Users/thalesgelinger/.jenv/shims:/Users/thalesgelinger/.jenv/bin:/Users/thalesgelinger/.nvm/versions/node/v16.13.0/bin:/opt/homebrew/bin:/opt/homebrew/sbin:/Users/thalesgelinger/.cargo/bin:/Users/thalesgelinger/.fig/bin:/Users/thalesgelinger/.local/bin:/Users/thalesgelinger/Library/Android/sdk/emulator:/Users/thalesgelinger/Library/Android/sdk/tools:/Users/thalesgelinger/Library/Android/sdk/tools/bin:/Users/thalesgelinger/Library/Android/sdk/platform-tools:/Users/thalesgelinger/Library/Application Support/JetBrains/Toolbox/scripts:/Users/thalesgelinger/Library/Android/sdk/emulator:/Users/thalesgelinger/Library/Android/sdk/tools:/Users/thalesgelinger/Library/Android/sdk/tools/bin:/Users/thalesgelinger/Library/Android/sdk/platform-tools

Yarn version: 
  1.22.17

Node version: 
  16.13.0

Platform: 
  darwin arm64

Trace: 
  Error: canceled
      at Interface.<anonymous> (/Users/thalesgelinger/.nvm/versions/node/v16.13.0/lib/node_modules/yarn/lib/cli.js:137143:13)
      at Interface.emit (node:events:390:28)
      at Interface._ttyWrite (node:readline:1081:16)
      at ReadStream.onkeypress (node:readline:288:10)
      at ReadStream.emit (node:events:390:28)
      at emitKeys (node:internal/readline/utils:358:14)
      at emitKeys.next (<anonymous>)
      at ReadStream.onData (node:internal/readline/emitKeypressEvents:61:36)
      at ReadStream.emit (node:events:390:28)
      at addChunk (node:internal/streams/readable:315:12)

npm manifest: 
  No manifest

yarn manifest: 
  No manifest

Lockfile: 
  No lockfile
